<?xml version="1.0" encoding="UTF-8"?>
<!-- Generated by org.testng.reporters.JUnitReportReporter -->
<testsuite skipped="0" hostname="MacBook-Pro-de-Victor.local" name="Tests.FirstTest" tests="1" failures="0" timestamp="03 ago 2019 19:49:53 GMT" time="6.326" errors="0">
  <testcase name="TestingFlipkart" time="6.326" classname="Tests.FirstTest"/>
</testsuite> <!-- Tests.FirstTest -->
